<?xml version="1.0" encoding="UTF-8"?>
<testng-results ignored="0" total="1" passed="1" failed="0" skipped="0">
  <reporter-output>
  </reporter-output>
  <suite started-at="2026-02-24T17:29:54 IST" name="Default suite" finished-at="2026-02-24T17:30:05 IST" duration-ms="11500">
    <groups>
    </groups>
    <test started-at="2026-02-24T17:29:54 IST" name="Default test" finished-at="2026-02-24T17:30:05 IST" duration-ms="11500">
      <class name="TestCases.Dialog_Login">
        <test-method is-config="true" signature="openBrowser()[pri:0, instance:TestCases.Dialog_Login@ba2f4ec]" started-at="2026-02-24T17:29:54 IST" name="openBrowser" finished-at="2026-02-24T17:29:55 IST" duration-ms="1806" status="PASS">
          <reporter-output>
          </reporter-output>
        </test-method> <!-- openBrowser -->
        <test-method signature="LogintoEE()[pri:0, instance:TestCases.Dialog_Login@ba2f4ec]" started-at="2026-02-24T17:29:55 IST" name="LogintoEE" finished-at="2026-02-24T17:30:05 IST" duration-ms="9668" status="PASS">
          <reporter-output>
          </reporter-output>
        </test-method> <!-- LogintoEE -->
        <test-method is-config="true" signature="Afterclass()[pri:0, instance:TestCases.Dialog_Login@ba2f4ec]" started-at="2026-02-24T17:30:05 IST" name="Afterclass" finished-at="2026-02-24T17:30:05 IST" duration-ms="0" status="PASS">
          <reporter-output>
          </reporter-output>
        </test-method> <!-- Afterclass -->
      </class> <!-- TestCases.Dialog_Login -->
    </test> <!-- Default test -->
  </suite> <!-- Default suite -->
</testng-results>
